Entering new queueing cycle
while bitflipping, 0 of 0 tries hit branch -1
while calibrating, 0 of 0 tries hit branch -1
calib stage: 129 new coverage in 13632 total execs
calib stage: 79 new branches in 13632 total execs
In deterministic stage, 0 of 0 tries hit branch -1
det stage: 281 new coverage in 335948 total execs
det stage: 165 new branches in 335948 total execs
In havoc stage, 0 of 0 tries hit branch -1
havoc stage: 451 new coverage in 370076 total execs
havoc stage: 204 new branches in 370076 total execs
Trying to fuzz input /home/autofz/arm64_tcpdump/tcpdump/fairfuzz/afl-master_1/queue/id:000146,src:000000,op:flip2,pos:334,+cov: 
which hit branch 3841 (hit by 1 inputs) 
while bitflipping, 10953 of 11200 tries hit branch 3841
while calibrating, 3489 of 4201 tries hit branch 3841
calib stage: 6 new coverage in 15449 total execs
calib stage: 3 new branches in 15449 total execs
In deterministic stage, 267401 of 267888 tries hit branch 3841
det stage: 8 new coverage in 283353 total execs
det stage: 4 new branches in 283353 total execs
In havoc stage, 781 of 1024 tries hit branch 3841
havoc stage: 8 new coverage in 284377 total execs
havoc stage: 4 new branches in 284377 total execs
Trying to fuzz input /home/autofz/arm64_tcpdump/tcpdump/fairfuzz/afl-master_1/queue/id:000184,src:000000,op:arith8,pos:20,val:+7,+cov: 
which hit branch 17083 (hit by 1 inputs) 
while bitflipping, 11043 of 11200 tries hit branch 17083
while calibrating, 3446 of 4201 tries hit branch 17083
calib stage: 10 new coverage in 15481 total execs
calib stage: 3 new branches in 15481 total execs
In deterministic stage, 36678 of 36710 tries hit branch 17083
det stage: 14 new coverage in 52223 total execs
det stage: 5 new branches in 52223 total execs
In havoc stage, 19762 of 24192 tries hit branch 17083
havoc stage: 56 new coverage in 76751 total execs
havoc stage: 24 new branches in 76751 total execs
Trying to fuzz input /home/autofz/arm64_tcpdump/tcpdump/fairfuzz/afl-master_1/queue/id:000193,src:000000,op:arith8,pos:20,val:-18,+cov: 
which hit branch 11043 (hit by 1 inputs) 
while bitflipping, 11076 of 11200 tries hit branch 11043
while calibrating, 4112 of 4201 tries hit branch 11043
calib stage: 10 new coverage in 15481 total execs
calib stage: 3 new branches in 15481 total execs
In deterministic stage, 34668 of 34688 tries hit branch 11043
det stage: 13 new coverage in 50193 total execs
det stage: 4 new branches in 50193 total execs
In havoc stage, 15771 of 18336 tries hit branch 11043
havoc stage: 21 new coverage in 68593 total execs
havoc stage: 7 new branches in 68593 total execs
Trying to fuzz input /home/autofz/arm64_tcpdump/tcpdump/fairfuzz/afl-master_1/queue/id:000198,src:000000,op:arith8,pos:20,val:-27,+cov: 
which hit branch 1794 (hit by 1 inputs) 
while bitflipping, 11076 of 11200 tries hit branch 1794
while calibrating, 4108 of 4201 tries hit branch 1794
calib stage: 25 new coverage in 15601 total execs
calib stage: 14 new branches in 15601 total execs
In deterministic stage, 44029 of 44048 tries hit branch 1794
det stage: 35 new coverage in 59729 total execs
det stage: 16 new branches in 59729 total execs
In havoc stage, 421 of 512 tries hit branch 1794
havoc stage: 35 new coverage in 60241 total execs
havoc stage: 16 new branches in 60241 total execs
Trying to fuzz input /home/autofz/arm64_tcpdump/tcpdump/fairfuzz/afl-master_1/queue/id:000224,src:000000,op:arith8,pos:334,val:+31,+cov: 
which hit branch 3823 (hit by 1 inputs) 
while bitflipping, 10952 of 11200 tries hit branch 3823
while calibrating, 3493 of 4201 tries hit branch 3823
calib stage: 3 new coverage in 15425 total execs
calib stage: 3 new branches in 15425 total execs
In deterministic stage, 269808 of 270303 tries hit branch 3823
det stage: 6 new coverage in 285752 total execs
det stage: 3 new branches in 285752 total execs
In havoc stage, 25546 of 32768 tries hit branch 3823
havoc stage: 39 new coverage in 318784 total execs
havoc stage: 15 new branches in 318784 total execs
Trying to fuzz input /home/autofz/arm64_tcpdump/tcpdump/fairfuzz/afl-master_1/queue/id:000236,src:000000,op:arith16,pos:16,val:+15,+cov: 
which hit branch 7344 (hit by 1 inputs) 
while bitflipping, 11058 of 11200 tries hit branch 7344
while calibrating, 4074 of 4201 tries hit branch 7344
calib stage: 7 new coverage in 15457 total execs
calib stage: 0 new branches in 15457 total execs
In deterministic stage, 43572 of 43572 tries hit branch 7344
det stage: 8 new coverage in 59037 total execs
det stage: 1 new branches in 59037 total execs
In havoc stage, 1219 of 1536 tries hit branch 7344
havoc stage: 9 new coverage in 60581 total execs
havoc stage: 1 new branches in 60581 total execs
Trying to fuzz input /home/autofz/arm64_tcpdump/tcpdump/fairfuzz/afl-master_1/queue/id:000348,src:000000,op:havoc,rep:32,+cov: 
which hit branch 7284 (hit by 1 inputs) 
while bitflipping, 2785 of 2976 tries hit branch 7284
while calibrating, 958 of 1117 tries hit branch 7284
calib stage: 15 new coverage in 4213 total execs
calib stage: 2 new branches in 4213 total execs
In deterministic stage, 14590 of 14815 tries hit branch 7284
det stage: 19 new coverage in 19060 total execs
det stage: 4 new branches in 19060 total execs
In havoc stage, 13808 of 32768 tries hit branch 7284
havoc stage: 35 new coverage in 51956 total execs
havoc stage: 7 new branches in 51956 total execs
Trying to fuzz input /home/autofz/arm64_tcpdump/tcpdump/fairfuzz/afl-master_1/queue/id:000353,src:000000,op:havoc,rep:32,+cov: 
which hit branch 2208 (hit by 1 inputs) 
while bitflipping, 2846 of 2976 tries hit branch 2208
while calibrating, 1027 of 1117 tries hit branch 2208
calib stage: 6 new coverage in 4141 total execs
calib stage: 5 new branches in 4141 total execs
In deterministic stage, 7567 of 7601 tries hit branch 2208
det stage: 6 new coverage in 11742 total execs
det stage: 5 new branches in 11742 total execs
In havoc stage, 14568 of 32768 tries hit branch 2208
havoc stage: 17 new coverage in 44598 total execs
havoc stage: 11 new branches in 44598 total execs
Trying to fuzz input /home/autofz/arm64_tcpdump/tcpdump/fairfuzz/afl-master_1/queue/id:000389,src:000000,op:havoc,rep:128,+cov: 
which hit branch 2239 (hit by 1 inputs) 
while bitflipping, 2831 of 2976 tries hit branch 2239
while calibrating, 1024 of 1117 tries hit branch 2239
calib stage: 4 new coverage in 4125 total execs
calib stage: 3 new branches in 4125 total execs
In deterministic stage, 13720 of 14057 tries hit branch 2239
det stage: 11 new coverage in 18238 total execs
det stage: 10 new branches in 18238 total execs
In havoc stage, 13539 of 32768 tries hit branch 2239
havoc stage: 25 new coverage in 51118 total execs
havoc stage: 13 new branches in 51118 total execs
Trying to fuzz input /home/autofz/arm64_tcpdump/tcpdump/fairfuzz/afl-master_1/queue/id:000396,src:000000,op:havoc,rep:16,+cov: 
which hit branch 9984 (hit by 1 inputs) 
while bitflipping, 5645 of 5824 tries hit branch 9984
while calibrating, 1391 of 2185 tries hit branch 9984
calib stage: 1 new coverage in 8017 total execs
calib stage: 0 new branches in 8017 total execs
In deterministic stage, 54135 of 54174 tries hit branch 9984
det stage: 4 new coverage in 62215 total execs
det stage: 2 new branches in 62215 total execs
In havoc stage, 458 of 1024 tries hit branch 9984
havoc stage: 4 new coverage in 63239 total execs
havoc stage: 2 new branches in 63239 total execs
Trying to fuzz input /home/autofz/arm64_tcpdump/tcpdump/fairfuzz/afl-master_1/queue/id:000411,src:000000,op:havoc,rep:32,+cov: 
which hit branch 9388 (hit by 1 inputs) 
while bitflipping, 2847 of 2976 tries hit branch 9388
while calibrating, 1027 of 1117 tries hit branch 9388
calib stage: 3 new coverage in 4117 total execs
calib stage: 1 new branches in 4117 total execs
In deterministic stage, 9088 of 9105 tries hit branch 9388
det stage: 3 new coverage in 13222 total execs
det stage: 1 new branches in 13222 total execs
In havoc stage, 332 of 768 tries hit branch 9388
havoc stage: 3 new coverage in 13990 total execs
havoc stage: 1 new branches in 13990 total execs
Trying to fuzz input /home/autofz/arm64_tcpdump/tcpdump/fairfuzz/afl-master_1/queue/id:000412,src:000000,op:havoc,rep:128,+cov: 
which hit branch 13159 (hit by 1 inputs) 
while bitflipping, 2907 of 3096 tries hit branch 13159
while calibrating, 958 of 1162 tries hit branch 13159
calib stage: 5 new coverage in 4298 total execs
calib stage: 5 new branches in 4298 total execs
In deterministic stage, 17720 of 17874 tries hit branch 13159
det stage: 7 new coverage in 22188 total execs
det stage: 7 new branches in 22188 total execs
In havoc stage, 506 of 1024 tries hit branch 13159
havoc stage: 7 new coverage in 23212 total execs
havoc stage: 7 new branches in 23212 total execs
Trying to fuzz input /home/autofz/arm64_tcpdump/tcpdump/fairfuzz/afl-master_1/queue/id:000439,src:000000,op:havoc,rep:32,+cov: 
which hit branch 1497 (hit by 1 inputs) 
while bitflipping, 2847 of 2976 tries hit branch 1497
while calibrating, 1027 of 1117 tries hit branch 1497
calib stage: 4 new coverage in 4125 total execs
calib stage: 4 new branches in 4125 total execs
In deterministic stage, 7836 of 7860 tries hit branch 1497
det stage: 4 new coverage in 11985 total execs
det stage: 4 new branches in 11985 total execs
In havoc stage, 10777 of 24576 tries hit branch 1497
havoc stage: 31 new coverage in 36777 total execs
havoc stage: 21 new branches in 36777 total execs
Trying to fuzz input /home/autofz/arm64_tcpdump/tcpdump/fairfuzz/afl-master_1/queue/id:000443,src:000000,op:havoc,rep:64,+cov: 
which hit branch 13607 (hit by 1 inputs) 
while bitflipping, 2797 of 2976 tries hit branch 13607
while calibrating, 964 of 1117 tries hit branch 13607
calib stage: 7 new coverage in 4149 total execs
calib stage: 7 new branches in 4149 total execs
In deterministic stage, 12058 of 12347 tries hit branch 13607
det stage: 10 new coverage in 16520 total execs
det stage: 10 new branches in 16520 total execs
In havoc stage, 872 of 2048 tries hit branch 13607
havoc stage: 11 new coverage in 18576 total execs
havoc stage: 11 new branches in 18576 total execs
Trying to fuzz input /home/autofz/arm64_tcpdump/tcpdump/fairfuzz/afl-master_1/queue/id:000453,src:000000,op:havoc,rep:32,+cov: 
which hit branch 2262 (hit by 1 inputs) 
while bitflipping, 2840 of 2976 tries hit branch 2262
while calibrating, 1008 of 1117 tries hit branch 2262
calib stage: 1 new coverage in 4101 total execs
calib stage: 1 new branches in 4101 total execs
In deterministic stage, 8950 of 8978 tries hit branch 2262
det stage: 2 new coverage in 13087 total execs
det stage: 2 new branches in 13087 total execs
In havoc stage, 470 of 1024 tries hit branch 2262
havoc stage: 2 new coverage in 14111 total execs
havoc stage: 2 new branches in 14111 total execs
Trying to fuzz input /home/autofz/arm64_tcpdump/tcpdump/fairfuzz/afl-master_1/queue/id:000456,sync:autofz,src:000761,+cov: 
which hit branch 5519 (hit by 1 inputs) 
while bitflipping, 210084 of 210688 tries hit branch 5519
while calibrating, 51082 of 79009 tries hit branch 5519
calib stage: 3 new coverage in 289721 total execs
calib stage: 3 new branches in 289721 total execs
In deterministic stage, 868995 of 869037 tries hit branch 5519
det stage: 27 new coverage in 1158950 total execs
det stage: 20 new branches in 1158950 total execs
In havoc stage, 23900 of 24576 tries hit branch 5519
havoc stage: 45 new coverage in 1183670 total execs
havoc stage: 24 new branches in 1183670 total execs
Trying to fuzz input /home/autofz/arm64_tcpdump/tcpdump/fairfuzz/afl-master_1/queue/id:000457,sync:autofz,src:001139,+cov: 
which hit branch 4981 (hit by 1 inputs) 
while bitflipping, 858 of 1056 tries hit branch 4981
while calibrating, 180 of 397 tries hit branch 4981
calib stage: 1 new coverage in 1461 total execs
calib stage: 1 new branches in 1461 total execs
In deterministic stage, 10729 of 11032 tries hit branch 4981
det stage: 7 new coverage in 12541 total execs
det stage: 5 new branches in 12541 total execs
In havoc stage, 12909 of 32768 tries hit branch 4981
havoc stage: 18 new coverage in 45397 total execs
havoc stage: 11 new branches in 45397 total execs
Trying to fuzz input /home/autofz/arm64_tcpdump/tcpdump/fairfuzz/afl-master_1/queue/id:000460,sync:autofz,src:001307,+cov: 
which hit branch 14287 (hit by 1 inputs) 
while bitflipping, 4194 of 4352 tries hit branch 14287
while calibrating, 1499 of 1633 tries hit branch 14287
calib stage: 10 new coverage in 6065 total execs
calib stage: 2 new branches in 6065 total execs
In deterministic stage, 14069 of 14154 tries hit branch 14287
det stage: 24 new coverage in 20331 total execs
det stage: 9 new branches in 20331 total execs
In havoc stage, 14494 of 32768 tries hit branch 14287
havoc stage: 37 new coverage in 53203 total execs
havoc stage: 13 new branches in 53203 total execs
Trying to fuzz input /home/autofz/arm64_tcpdump/tcpdump/fairfuzz/afl-master_1/queue/id:000475,sync:autofz,src:000292,+cov: 
which hit branch 6608 (hit by 1 inputs) 
while bitflipping, 97432 of 98560 tries hit branch 6608
while calibrating, 13315 of 36961 tries hit branch 6608
calib stage: 8 new coverage in 135585 total execs
calib stage: 6 new branches in 135585 total execs
In deterministic stage, 2517268 of 2517379 tries hit branch 6608
det stage: 59 new coverage in 2653372 total execs
det stage: 43 new branches in 2653372 total execs
In havoc stage, 14745 of 24576 tries hit branch 6608
havoc stage: 106 new coverage in 2678324 total execs
havoc stage: 50 new branches in 2678324 total execs
Trying to fuzz input /home/autofz/arm64_tcpdump/tcpdump/fairfuzz/afl-master_1/queue/id:000478,sync:autofz,src:001288,+cov: 
which hit branch 14500 (hit by 1 inputs) 
while bitflipping, 4181 of 4352 tries hit branch 14500
while calibrating, 1474 of 1633 tries hit branch 14500
calib stage: 12 new coverage in 6081 total execs
calib stage: 1 new branches in 6081 total execs
In deterministic stage, 14615 of 14868 tries hit branch 14500
det stage: 18 new coverage in 20997 total execs
det stage: 2 new branches in 20997 total execs
In havoc stage, 490 of 1024 tries hit branch 14500
havoc stage: 18 new coverage in 22021 total execs
havoc stage: 2 new branches in 22021 total execs
Trying to fuzz input /home/autofz/arm64_tcpdump/tcpdump/fairfuzz/afl-master_1/queue/id:000485,sync:autofz,src:000304,+cov: 
which hit branch 7310 (hit by 1 inputs) 
while bitflipping, 15021 of 15744 tries hit branch 7310
while calibrating, 2048 of 5905 tries hit branch 7310
calib stage: 3 new coverage in 21673 total execs
calib stage: 2 new branches in 21673 total execs
In deterministic stage, 398547 of 398669 tries hit branch 7310
det stage: 6 new coverage in 420366 total execs
det stage: 2 new branches in 420366 total execs
In havoc stage, 13748 of 32768 tries hit branch 7310
havoc stage: 90 new coverage in 453806 total execs
havoc stage: 36 new branches in 453806 total execs
Trying to fuzz input /home/autofz/arm64_tcpdump/tcpdump/fairfuzz/afl-master_1/queue/id:000501,sync:autofz,src:000863,+cov: 
which hit branch 5580 (hit by 1 inputs) 
while bitflipping, 2735 of 2944 tries hit branch 5580
while calibrating, 469 of 1105 tries hit branch 5580
calib stage: 1 new coverage in 4057 total execs
calib stage: 1 new branches in 4057 total execs
In deterministic stage, 62092 of 62126 tries hit branch 5580
det stage: 5 new coverage in 66215 total execs
det stage: 4 new branches in 66215 total execs
In havoc stage, 15252 of 32768 tries hit branch 5580
havoc stage: 23 new coverage in 99127 total execs
havoc stage: 11 new branches in 99127 total execs
Trying to fuzz input /home/autofz/arm64_tcpdump/tcpdump/fairfuzz/afl-master_1/queue/id:000510,sync:autofz,src:000785,+cov: 
which hit branch 11021 (hit by 1 inputs) 
while bitflipping, 4539 of 4832 tries hit branch 11021
while calibrating, 705 of 1813 tries hit branch 11021
calib stage: 3 new coverage in 6669 total execs
calib stage: 1 new branches in 6669 total execs
In deterministic stage, 109385 of 109388 tries hit branch 11021
det stage: 4 new coverage in 116065 total execs
det stage: 2 new branches in 116065 total execs
In havoc stage, 995 of 2048 tries hit branch 11021
havoc stage: 5 new coverage in 118121 total execs
havoc stage: 2 new branches in 118121 total execs
Trying to fuzz input /home/autofz/arm64_tcpdump/tcpdump/fairfuzz/afl-master_1/queue/id:000578,sync:autofz,src:000922,+cov: 
which hit branch 20122 (hit by 1 inputs) 
while bitflipping, 220506 of 222800 tries hit branch 20122
while calibrating, 27589 of 83551 tries hit branch 20122
calib stage: 29 new coverage in 306583 total execs
calib stage: 20 new branches in 306583 total execs
In deterministic stage, 5169634 of 5170070 tries hit branch 20122
det stage: 55 new coverage in 5476861 total execs
det stage: 31 new branches in 5476861 total execs
In havoc stage, 21966 of 24576 tries hit branch 20122
havoc stage: 68 new coverage in 5501541 total execs
havoc stage: 38 new branches in 5501541 total execs
Trying to fuzz input /home/autofz/arm64_tcpdump/tcpdump/fairfuzz/afl-master_1/queue/id:000581,sync:autofz,src:001477,+cov: 
which hit branch 14143 (hit by 1 inputs) 
while bitflipping, 27589 of 27752 tries hit branch 14143
while calibrating, 10262 of 10408 tries hit branch 14143
calib stage: 4 new coverage in 38192 total execs
calib stage: 3 new branches in 38192 total execs
In deterministic stage, 500726 of 500792 tries hit branch 14143
det stage: 21 new coverage in 539120 total execs
det stage: 16 new branches in 539120 total execs
In havoc stage, 940 of 1024 tries hit branch 14143
havoc stage: 21 new coverage in 540144 total execs
havoc stage: 16 new branches in 540144 total execs
Trying to fuzz input /home/autofz/arm64_tcpdump/tcpdump/fairfuzz/afl-master_1/queue/id:001481,src:000501,op:flip2,pos:286,+cov: 
which hit branch 2104 (hit by 1 inputs) 
while bitflipping, 2702 of 2944 tries hit branch 2104
while calibrating, 465 of 1105 tries hit branch 2104
calib stage: 0 new coverage in 4049 total execs
calib stage: 0 new branches in 4049 total execs
In deterministic stage, 61047 of 61077 tries hit branch 2104
det stage: 0 new coverage in 65126 total execs
det stage: 0 new branches in 65126 total execs
In havoc stage, 485 of 1024 tries hit branch 2104
havoc stage: 0 new coverage in 66150 total execs
havoc stage: 0 new branches in 66150 total execs
Trying to fuzz input /home/autofz/arm64_tcpdump/tcpdump/fairfuzz/afl-master_1/queue/id:001651,sync:autofz,src:005766,+cov: 
which hit branch 2027 (hit by 1 inputs) 
while bitflipping, 3614 of 3808 tries hit branch 2027
while calibrating, 1218 of 1429 tries hit branch 2027
calib stage: 0 new coverage in 5237 total execs
calib stage: 0 new branches in 5237 total execs
In deterministic stage, 13227 of 13369 tries hit branch 2027
det stage: 0 new coverage in 18606 total execs
det stage: 0 new branches in 18606 total execs
In havoc stage, 394 of 768 tries hit branch 2027
havoc stage: 0 new coverage in 19374 total execs
havoc stage: 0 new branches in 19374 total execs
Trying to fuzz input /home/autofz/arm64_tcpdump/tcpdump/fairfuzz/afl-master_1/queue/id:001658,sync:autofz,src:003731,+cov: 
which hit branch 1940 (hit by 1 inputs) 
while bitflipping, 3611 of 3808 tries hit branch 1940
while calibrating, 1221 of 1429 tries hit branch 1940
calib stage: 0 new coverage in 5237 total execs
calib stage: 0 new branches in 5237 total execs
In deterministic stage, 18079 of 18229 tries hit branch 1940
det stage: 1 new coverage in 23474 total execs
det stage: 1 new branches in 23474 total execs
In havoc stage, 488 of 1024 tries hit branch 1940
havoc stage: 1 new coverage in 24498 total execs
havoc stage: 1 new branches in 24498 total execs
Trying to fuzz input /home/autofz/arm64_tcpdump/tcpdump/fairfuzz/afl-master_1/queue/id:001795,sync:autofz,src:002334,+cov: 
which hit branch 1623 (hit by 1 inputs) 
while bitflipping, 2808 of 3096 tries hit branch 1623
while calibrating, 807 of 1162 tries hit branch 1623
calib stage: 0 new coverage in 4258 total execs
calib stage: 0 new branches in 4258 total execs
In deterministic stage, 31220 of 31303 tries hit branch 1623
det stage: 0 new coverage in 35561 total execs
det stage: 0 new branches in 35561 total execs
In havoc stage, 548 of 1024 tries hit branch 1623
havoc stage: 0 new coverage in 36585 total execs
havoc stage: 0 new branches in 36585 total execs
Trying to fuzz input /home/autofz/arm64_tcpdump/tcpdump/fairfuzz/afl-master_1/queue/id:001838,sync:autofz,src:005107,+cov: 
which hit branch 1644 (hit by 1 inputs) 
while bitflipping, 2817 of 2976 tries hit branch 1644
while calibrating, 435 of 1117 tries hit branch 1644
calib stage: 0 new coverage in 4093 total execs
calib stage: 0 new branches in 4093 total execs
In deterministic stage, 11622 of 11660 tries hit branch 1644
det stage: 0 new coverage in 15753 total execs
det stage: 0 new branches in 15753 total execs
In havoc stage, 461 of 1024 tries hit branch 1644
havoc stage: 0 new coverage in 16777 total execs
havoc stage: 0 new branches in 16777 total execs
Trying to fuzz input /home/autofz/arm64_tcpdump/tcpdump/fairfuzz/afl-master_1/queue/id:001870,sync:autofz,src:006085,+cov: 
which hit branch 2506 (hit by 1 inputs) 
while bitflipping, 853 of 1056 tries hit branch 2506
while calibrating, 170 of 397 tries hit branch 2506
calib stage: 1 new coverage in 1461 total execs
calib stage: 1 new branches in 1461 total execs
In deterministic stage, 10193 of 10335 tries hit branch 2506
det stage: 1 new coverage in 11796 total execs
det stage: 1 new branches in 11796 total execs
In havoc stage, 479 of 1024 tries hit branch 2506
havoc stage: 1 new coverage in 12820 total execs
havoc stage: 1 new branches in 12820 total execs
Trying to fuzz input /home/autofz/arm64_tcpdump/tcpdump/fairfuzz/afl-master_1/queue/id:001907,sync:autofz,src:002274,+cov: 
which hit branch 1671 (hit by 1 inputs) 
while bitflipping, 2812 of 2976 tries hit branch 1671
while calibrating, 997 of 1117 tries hit branch 1671
calib stage: 0 new coverage in 4093 total execs
calib stage: 0 new branches in 4093 total execs
In deterministic stage, 9547 of 9581 tries hit branch 1671
det stage: 0 new coverage in 13674 total execs
det stage: 0 new branches in 13674 total execs
In havoc stage, 215 of 768 tries hit branch 1671
havoc stage: 0 new coverage in 14442 total execs
havoc stage: 0 new branches in 14442 total execs
Trying to fuzz input /home/autofz/arm64_tcpdump/tcpdump/fairfuzz/afl-master_1/queue/id:001913,sync:autofz,src:003351,+cov: 
which hit branch 2131 (hit by 1 inputs) 
while bitflipping, 2492 of 2720 tries hit branch 2131
while calibrating, 371 of 1021 tries hit branch 2131
calib stage: 0 new coverage in 3741 total execs
calib stage: 0 new branches in 3741 total execs
In deterministic stage, 50861 of 50865 tries hit branch 2131
det stage: 0 new coverage in 54606 total execs
det stage: 0 new branches in 54606 total execs
In havoc stage, 807 of 1536 tries hit branch 2131
havoc stage: 0 new coverage in 56142 total execs
havoc stage: 0 new branches in 56142 total execs
Trying to fuzz input /home/autofz/arm64_tcpdump/tcpdump/fairfuzz/afl-master_1/queue/id:001925,sync:autofz,src:004361,+cov: 
which hit branch 2497 (hit by 1 inputs) 
while bitflipping, 2729 of 2944 tries hit branch 2497
while calibrating, 877 of 1105 tries hit branch 2497
calib stage: 1 new coverage in 4057 total execs
calib stage: 1 new branches in 4057 total execs
In deterministic stage, 42893 of 43064 tries hit branch 2497
det stage: 2 new coverage in 47129 total execs
det stage: 1 new branches in 47129 total execs
In havoc stage, 611 of 1024 tries hit branch 2497
havoc stage: 2 new coverage in 48153 total execs
havoc stage: 1 new branches in 48153 total execs
Trying to fuzz input /home/autofz/arm64_tcpdump/tcpdump/fairfuzz/afl-master_1/queue/id:001936,sync:autofz,src:011995,+cov: 
which hit branch 2147 (hit by 1 inputs) 
while bitflipping, 2459 of 2688 tries hit branch 2147
while calibrating, 363 of 1009 tries hit branch 2147
calib stage: 0 new coverage in 3697 total execs
calib stage: 0 new branches in 3697 total execs
In deterministic stage, 29786 of 29823 tries hit branch 2147
det stage: 0 new coverage in 33520 total execs
det stage: 0 new branches in 33520 total execs
In havoc stage, 336 of 768 tries hit branch 2147
havoc stage: 0 new coverage in 34288 total execs
havoc stage: 0 new branches in 34288 total execs
Trying to fuzz input /home/autofz/arm64_tcpdump/tcpdump/fairfuzz/afl-master_1/queue/id:001950,sync:autofz,src:006251,+cov: 
which hit branch 1077 (hit by 1 inputs) 
while bitflipping, 3722 of 4064 tries hit branch 1077
while calibrating, 697 of 1525 tries hit branch 1077
calib stage: 0 new coverage in 5589 total execs
calib stage: 0 new branches in 5589 total execs
In deterministic stage, 24955 of 25169 tries hit branch 1077
det stage: 1 new coverage in 30766 total execs
det stage: 1 new branches in 30766 total execs
In havoc stage, 609 of 1024 tries hit branch 1077
havoc stage: 1 new coverage in 31790 total execs
havoc stage: 1 new branches in 31790 total execs
Trying to fuzz input /home/autofz/arm64_tcpdump/tcpdump/fairfuzz/afl-master_1/queue/id:001986,sync:autofz,src:005105,+cov: 
which hit branch 1390 (hit by 1 inputs) 
while bitflipping, 3201 of 3360 tries hit branch 1390
while calibrating, 1141 of 1261 tries hit branch 1390
calib stage: 0 new coverage in 4621 total execs
calib stage: 0 new branches in 4621 total execs
In deterministic stage, 20987 of 21012 tries hit branch 1390
det stage: 0 new coverage in 25633 total execs
det stage: 0 new branches in 25633 total execs
In havoc stage, 609 of 1024 tries hit branch 1390
havoc stage: 0 new coverage in 26657 total execs
havoc stage: 0 new branches in 26657 total execs
Trying to fuzz input /home/autofz/arm64_tcpdump/tcpdump/fairfuzz/afl-master_1/queue/id:002048,sync:autofz,src:003730,+cov: 
which hit branch 1932 (hit by 1 inputs) 
while bitflipping, 3479 of 3680 tries hit branch 1932
while calibrating, 1182 of 1381 tries hit branch 1932
calib stage: 0 new coverage in 5061 total execs
calib stage: 0 new branches in 5061 total execs
In deterministic stage, 22050 of 22217 tries hit branch 1932
det stage: 1 new coverage in 27286 total execs
det stage: 1 new branches in 27286 total execs
In havoc stage, 290 of 768 tries hit branch 1932
havoc stage: 1 new coverage in 28054 total execs
havoc stage: 1 new branches in 28054 total execs
Trying to fuzz input /home/autofz/arm64_tcpdump/tcpdump/fairfuzz/afl-master_1/queue/id:002058,sync:autofz,src:015421,+cov: 
which hit branch 1996 (hit by 1 inputs) 
while bitflipping, 3594 of 3808 tries hit branch 1996
while calibrating, 1219 of 1429 tries hit branch 1996
calib stage: 0 new coverage in 5237 total execs
calib stage: 0 new branches in 5237 total execs
In deterministic stage, 14025 of 14195 tries hit branch 1996
det stage: 0 new coverage in 19432 total execs
det stage: 0 new branches in 19432 total execs
In havoc stage, 504 of 1024 tries hit branch 1996
havoc stage: 0 new coverage in 20456 total execs
havoc stage: 0 new branches in 20456 total execs
Trying to fuzz input /home/autofz/arm64_tcpdump/tcpdump/fairfuzz/afl-master_1/queue/id:002142,sync:autofz,src:012872,+cov: 
which hit branch 2956 (hit by 1 inputs) 
while bitflipping, 4624 of 5120 tries hit branch 2956
while calibrating, 902 of 1921 tries hit branch 2956
calib stage: 0 new coverage in 7041 total execs
calib stage: 0 new branches in 7041 total execs
In deterministic stage, 72023 of 72062 tries hit branch 2956
det stage: 0 new coverage in 79103 total execs
det stage: 0 new branches in 79103 total execs
In havoc stage, 471 of 1024 tries hit branch 2956
havoc stage: 0 new coverage in 80127 total execs
havoc stage: 0 new branches in 80127 total execs
Trying to fuzz input /home/autofz/arm64_tcpdump/tcpdump/fairfuzz/afl-master_1/queue/id:002168,sync:autofz,src:011950,+cov: 
which hit branch 2909 (hit by 1 inputs) 
while bitflipping, 4780 of 5264 tries hit branch 2909
while calibrating, 937 of 1975 tries hit branch 2909
calib stage: 0 new coverage in 7239 total execs
calib stage: 0 new branches in 7239 total execs
In deterministic stage, 62747 of 62819 tries hit branch 2909
det stage: 1 new coverage in 70066 total execs
det stage: 0 new branches in 70066 total execs
In havoc stage, 736 of 1024 tries hit branch 2909
havoc stage: 1 new coverage in 71090 total execs
havoc stage: 0 new branches in 71090 total execs
Trying to fuzz input /home/autofz/arm64_tcpdump/tcpdump/fairfuzz/afl-master_1/queue/id:002260,sync:autofz,src:007753,+cov: 
which hit branch 4109 (hit by 1 inputs) 
while bitflipping, 2851 of 3008 tries hit branch 4109
while calibrating, 987 of 1129 tries hit branch 4109
calib stage: 0 new coverage in 4137 total execs
calib stage: 0 new branches in 4137 total execs
In deterministic stage, 11354 of 11380 tries hit branch 4109
det stage: 1 new coverage in 15525 total execs
det stage: 1 new branches in 15525 total execs
In havoc stage, 497 of 1024 tries hit branch 4109
havoc stage: 1 new coverage in 16549 total execs
havoc stage: 1 new branches in 16549 total execs
Trying to fuzz input /home/autofz/arm64_tcpdump/tcpdump/fairfuzz/afl-master_1/queue/id:002276,sync:autofz,src:006102,+cov: 
which hit branch 2884 (hit by 1 inputs) 
while bitflipping, 2739 of 3072 tries hit branch 2884
while calibrating, 395 of 1153 tries hit branch 2884
calib stage: 0 new coverage in 4225 total execs
calib stage: 0 new branches in 4225 total execs
In deterministic stage, 65579 of 65657 tries hit branch 2884
det stage: 0 new coverage in 69882 total execs
det stage: 0 new branches in 69882 total execs
In havoc stage, 439 of 1024 tries hit branch 2884
havoc stage: 0 new coverage in 70906 total execs
havoc stage: 0 new branches in 70906 total execs
Trying to fuzz input /home/autofz/arm64_tcpdump/tcpdump/fairfuzz/afl-master_1/queue/id:002307,sync:autofz,src:004431,+cov: 
which hit branch 2825 (hit by 1 inputs) 
while bitflipping, 4475 of 4832 tries hit branch 2825
while calibrating, 1020 of 1813 tries hit branch 2825
calib stage: 0 new coverage in 6645 total execs
calib stage: 0 new branches in 6645 total execs
In deterministic stage, 79557 of 79630 tries hit branch 2825
det stage: 0 new coverage in 86275 total execs
det stage: 0 new branches in 86275 total execs
In havoc stage, 672 of 1024 tries hit branch 2825
havoc stage: 0 new coverage in 87299 total execs
havoc stage: 0 new branches in 87299 total execs
Trying to fuzz input /home/autofz/arm64_tcpdump/tcpdump/fairfuzz/afl-master_1/queue/id:002368,sync:autofz,src:015741,+cov: 
which hit branch 1154 (hit by 1 inputs) 
while bitflipping, 3229 of 3680 tries hit branch 1154
while calibrating, 526 of 1381 tries hit branch 1154
calib stage: 1 new coverage in 5069 total execs
calib stage: 0 new branches in 5069 total execs
In deterministic stage, 19210 of 19445 tries hit branch 1154
det stage: 2 new coverage in 24522 total execs
det stage: 1 new branches in 24522 total execs
In havoc stage, 428 of 1024 tries hit branch 1154
havoc stage: 2 new coverage in 25546 total execs
havoc stage: 1 new branches in 25546 total execs
Trying to fuzz input /home/autofz/arm64_tcpdump/tcpdump/fairfuzz/afl-master_1/queue/id:002373,sync:autofz,src:004116,+cov: 
which hit branch 1420 (hit by 1 inputs) 
while bitflipping, 2941 of 3104 tries hit branch 1420
while calibrating, 1047 of 1165 tries hit branch 1420
calib stage: 0 new coverage in 4269 total execs
calib stage: 0 new branches in 4269 total execs
In deterministic stage, 23601 of 23629 tries hit branch 1420
det stage: 0 new coverage in 27898 total execs
det stage: 0 new branches in 27898 total execs
In havoc stage, 571 of 1024 tries hit branch 1420
havoc stage: 0 new coverage in 28922 total execs
havoc stage: 0 new branches in 28922 total execs
Trying to fuzz input /home/autofz/arm64_tcpdump/tcpdump/fairfuzz/afl-master_1/queue/id:002430,sync:autofz,src:005559,+cov: 
which hit branch 1120 (hit by 1 inputs) 
while bitflipping, 3600 of 3936 tries hit branch 1120
while calibrating, 649 of 1477 tries hit branch 1120
calib stage: 0 new coverage in 5413 total execs
calib stage: 0 new branches in 5413 total execs
In deterministic stage, 21363 of 21583 tries hit branch 1120
det stage: 0 new coverage in 26996 total execs
det stage: 0 new branches in 26996 total execs
In havoc stage, 567 of 1024 tries hit branch 1120
havoc stage: 0 new coverage in 28020 total execs
havoc stage: 0 new branches in 28020 total execs
Trying to fuzz input /home/autofz/arm64_tcpdump/tcpdump/fairfuzz/afl-master_1/queue/id:002460,sync:autofz,src:012943,+cov: 
which hit branch 2014 (hit by 1 inputs) 
while bitflipping, 1040 of 1248 tries hit branch 2014
while calibrating, 258 of 469 tries hit branch 2014
calib stage: 0 new coverage in 1717 total execs
calib stage: 0 new branches in 1717 total execs
In deterministic stage, 14751 of 14869 tries hit branch 2014
det stage: 0 new coverage in 16586 total execs
det stage: 0 new branches in 16586 total execs
In havoc stage, 267 of 1024 tries hit branch 2014
havoc stage: 0 new coverage in 17610 total execs
havoc stage: 0 new branches in 17610 total execs
Trying to fuzz input /home/autofz/arm64_tcpdump/tcpdump/fairfuzz/afl-master_1/queue/id:002585,sync:autofz,src:002165,+cov: 
which hit branch 2311 (hit by 1 inputs) 
while bitflipping, 2823 of 2976 tries hit branch 2311
while calibrating, 992 of 1117 tries hit branch 2311
calib stage: 1 new coverage in 4101 total execs
calib stage: 0 new branches in 4101 total execs
In deterministic stage, 11281 of 11284 tries hit branch 2311
det stage: 1 new coverage in 15385 total execs
det stage: 0 new branches in 15385 total execs
In havoc stage, 760 of 1536 tries hit branch 2311
havoc stage: 1 new coverage in 16921 total execs
havoc stage: 0 new branches in 16921 total execs
Trying to fuzz input /home/autofz/arm64_tcpdump/tcpdump/fairfuzz/afl-master_1/queue/id:002654,sync:autofz,src:002640,+cov: 
which hit branch 1827 (hit by 1 inputs) 
while bitflipping, 3472 of 3664 tries hit branch 1827
while calibrating, 811 of 1375 tries hit branch 1827
calib stage: 0 new coverage in 5039 total execs
calib stage: 0 new branches in 5039 total execs
In deterministic stage, 12118 of 12217 tries hit branch 1827
det stage: 0 new coverage in 17256 total execs
det stage: 0 new branches in 17256 total execs
In havoc stage, 684 of 1024 tries hit branch 1827
havoc stage: 0 new coverage in 18280 total execs
havoc stage: 0 new branches in 18280 total execs
Trying to fuzz input /home/autofz/arm64_tcpdump/tcpdump/fairfuzz/afl-master_1/queue/id:002664,sync:autofz,src:012688,+cov: 
which hit branch 3381 (hit by 1 inputs) 
while bitflipping, 4330 of 4864 tries hit branch 3381
while calibrating, 601 of 1825 tries hit branch 3381
calib stage: 0 new coverage in 6689 total execs
calib stage: 0 new branches in 6689 total execs
In deterministic stage, 71045 of 71148 tries hit branch 3381
det stage: 0 new coverage in 77837 total execs
det stage: 0 new branches in 77837 total execs
In havoc stage, 838 of 1536 tries hit branch 3381
havoc stage: 0 new coverage in 79373 total execs
havoc stage: 0 new branches in 79373 total execs
Trying to fuzz input /home/autofz/arm64_tcpdump/tcpdump/fairfuzz/afl-master_1/queue/id:002667,sync:autofz,src:005191,+cov: 
which hit branch 4559 (hit by 1 inputs) 
while bitflipping, 894 of 1056 tries hit branch 4559
while calibrating, 232 of 397 tries hit branch 4559
calib stage: 0 new coverage in 1453 total execs
calib stage: 0 new branches in 1453 total execs
In deterministic stage, 6469 of 6517 tries hit branch 4559
det stage: 0 new coverage in 7970 total execs
det stage: 0 new branches in 7970 total execs
In havoc stage, 450 of 1024 tries hit branch 4559
havoc stage: 0 new coverage in 8994 total execs
havoc stage: 0 new branches in 8994 total execs
Trying to fuzz input /home/autofz/arm64_tcpdump/tcpdump/fairfuzz/afl-master_1/queue/id:002763,sync:autofz,src:005552,+cov: 
which hit branch 1124 (hit by 1 inputs) 
while bitflipping, 3474 of 3808 tries hit branch 1124
while calibrating, 597 of 1429 tries hit branch 1124
calib stage: 0 new coverage in 5237 total execs
calib stage: 0 new branches in 5237 total execs
In deterministic stage, 20562 of 20783 tries hit branch 1124
det stage: 0 new coverage in 26020 total execs
det stage: 0 new branches in 26020 total execs
In havoc stage, 472 of 1024 tries hit branch 1124
havoc stage: 0 new coverage in 27044 total execs
havoc stage: 0 new branches in 27044 total execs
Trying to fuzz input /home/autofz/arm64_tcpdump/tcpdump/fairfuzz/afl-master_1/queue/id:002782,sync:autofz,src:003178,+cov: 
which hit branch 1626 (hit by 1 inputs) 
while bitflipping, 2611 of 2784 tries hit branch 1626
while calibrating, 457 of 1045 tries hit branch 1626
calib stage: 0 new coverage in 3829 total execs
calib stage: 0 new branches in 3829 total execs
In deterministic stage, 12006 of 12047 tries hit branch 1626
det stage: 0 new coverage in 15876 total execs
det stage: 0 new branches in 15876 total execs
In havoc stage, 558 of 1024 tries hit branch 1626
havoc stage: 0 new coverage in 16900 total execs
havoc stage: 0 new branches in 16900 total execs
Trying to fuzz input /home/autofz/arm64_tcpdump/tcpdump/fairfuzz/afl-master_1/queue/id:002964,sync:autofz,src:003347,+cov: 
which hit branch 2119 (hit by 1 inputs) 
while bitflipping, 2459 of 2688 tries hit branch 2119
while calibrating, 359 of 1009 tries hit branch 2119
calib stage: 0 new coverage in 3697 total execs
calib stage: 0 new branches in 3697 total execs
In deterministic stage, 51701 of 51705 tries hit branch 2119
det stage: 1 new coverage in 55410 total execs
det stage: 1 new branches in 55410 total execs
In havoc stage, 555 of 1024 tries hit branch 2119
havoc stage: 1 new coverage in 56434 total execs
havoc stage: 1 new branches in 56434 total execs
Trying to fuzz input /home/autofz/arm64_tcpdump/tcpdump/fairfuzz/afl-master_1/queue/id:003046,sync:autofz,src:003313,+cov: 
which hit branch 2170 (hit by 1 inputs) 
while bitflipping, 2714 of 2944 tries hit branch 2170
while calibrating, 453 of 1105 tries hit branch 2170
calib stage: 0 new coverage in 4049 total execs
calib stage: 0 new branches in 4049 total execs
In deterministic stage, 64295 of 64298 tries hit branch 2170
det stage: 0 new coverage in 68347 total execs
det stage: 0 new branches in 68347 total execs
In havoc stage, 318 of 768 tries hit branch 2170
havoc stage: 0 new coverage in 69115 total execs
havoc stage: 0 new branches in 69115 total execs
Trying to fuzz input /home/autofz/arm64_tcpdump/tcpdump/fairfuzz/afl-master_1/queue/id:003146,sync:autofz,src:013382,+cov: 
which hit branch 3104 (hit by 1 inputs) 
while bitflipping, 4349 of 4864 tries hit branch 3104
while calibrating, 763 of 1825 tries hit branch 3104
calib stage: 0 new coverage in 6689 total execs
calib stage: 0 new branches in 6689 total execs
In deterministic stage, 80146 of 80232 tries hit branch 3104
det stage: 0 new coverage in 86921 total execs
det stage: 0 new branches in 86921 total execs
In havoc stage, 695 of 1536 tries hit branch 3104
havoc stage: 0 new coverage in 88457 total execs
havoc stage: 0 new branches in 88457 total execs
Trying to fuzz input /home/autofz/arm64_tcpdump/tcpdump/fairfuzz/afl-master_1/queue/id:003158,sync:autofz,src:006861,+cov: 
which hit branch 4471 (hit by 1 inputs) 
while bitflipping, 2125 of 2336 tries hit branch 4471
while calibrating, 305 of 877 tries hit branch 4471
calib stage: 0 new coverage in 3213 total execs
calib stage: 0 new branches in 3213 total execs
In deterministic stage, 15969 of 15995 tries hit branch 4471
det stage: 0 new coverage in 19208 total execs
det stage: 0 new branches in 19208 total execs
In havoc stage, 587 of 1024 tries hit branch 4471
havoc stage: 0 new coverage in 20232 total execs
havoc stage: 0 new branches in 20232 total execs
Trying to fuzz input /home/autofz/arm64_tcpdump/tcpdump/fairfuzz/afl-master_1/queue/id:003161,sync:autofz,src:003338,+cov: 
which hit branch 4561 (hit by 1 inputs) 
while bitflipping, 898 of 1056 tries hit branch 4561
while calibrating, 249 of 397 tries hit branch 4561
calib stage: 0 new coverage in 1453 total execs
calib stage: 0 new branches in 1453 total execs
In deterministic stage, 5794 of 5842 tries hit branch 4561
det stage: 0 new coverage in 7295 total execs
det stage: 0 new branches in 7295 total execs
In havoc stage, 452 of 1024 tries hit branch 4561
havoc stage: 0 new coverage in 8319 total execs
havoc stage: 0 new branches in 8319 total execs
Trying to fuzz input /home/autofz/arm64_tcpdump/tcpdump/fairfuzz/afl-master_1/queue/id:003162,sync:autofz,src:004114,+cov: 
which hit branch 1687 (hit by 1 inputs) 
while bitflipping, 3195 of 3352 tries hit branch 1687
while calibrating, 576 of 1258 tries hit branch 1687
calib stage: 0 new coverage in 4610 total execs
calib stage: 0 new branches in 4610 total execs
In deterministic stage, 22017 of 22057 tries hit branch 1687
det stage: 0 new coverage in 26667 total execs
det stage: 0 new branches in 26667 total execs
In havoc stage, 631 of 1024 tries hit branch 1687
havoc stage: 0 new coverage in 27691 total execs
havoc stage: 0 new branches in 27691 total execs
Trying to fuzz input /home/autofz/arm64_tcpdump/tcpdump/fairfuzz/afl-master_1/queue/id:003208,sync:autofz,src:008915,+cov: 
which hit branch 1713 (hit by 1 inputs) 
while bitflipping, 3624 of 3808 tries hit branch 1713
while calibrating, 1161 of 1429 tries hit branch 1713
calib stage: 0 new coverage in 5237 total execs
calib stage: 0 new branches in 5237 total execs
In deterministic stage, 22179 of 22219 tries hit branch 1713
det stage: 0 new coverage in 27456 total execs
det stage: 0 new branches in 27456 total execs
In havoc stage, 351 of 1024 tries hit branch 1713
havoc stage: 0 new coverage in 28480 total execs
havoc stage: 0 new branches in 28480 total execs
Trying to fuzz input /home/autofz/arm64_tcpdump/tcpdump/fairfuzz/afl-master_1/queue/id:003337,sync:autofz,src:003013,+cov: 
which hit branch 2287 (hit by 1 inputs) 
while bitflipping, 2805 of 2976 tries hit branch 2287
while calibrating, 991 of 1117 tries hit branch 2287
calib stage: 0 new coverage in 4093 total execs
calib stage: 0 new branches in 4093 total execs
In deterministic stage, 11208 of 11228 tries hit branch 2287
det stage: 0 new coverage in 15321 total execs
det stage: 0 new branches in 15321 total execs
In havoc stage, 461 of 1024 tries hit branch 2287
havoc stage: 0 new coverage in 16345 total execs
havoc stage: 0 new branches in 16345 total execs
Trying to fuzz input /home/autofz/arm64_tcpdump/tcpdump/fairfuzz/afl-master_1/queue/id:003351,sync:autofz,src:005206,+cov: 
which hit branch 2519 (hit by 1 inputs) 
while bitflipping, 852 of 1056 tries hit branch 2519
while calibrating, 170 of 397 tries hit branch 2519
calib stage: 0 new coverage in 1453 total execs
calib stage: 0 new branches in 1453 total execs
In deterministic stage, 10264 of 10424 tries hit branch 2519
det stage: 1 new coverage in 11885 total execs
det stage: 0 new branches in 11885 total execs
In havoc stage, 477 of 1024 tries hit branch 2519
havoc stage: 1 new coverage in 12909 total execs
havoc stage: 0 new branches in 12909 total execs
Trying to fuzz input /home/autofz/arm64_tcpdump/tcpdump/fairfuzz/afl-master_1/queue/id:003388,sync:autofz,src:004047,+cov: 
which hit branch 2303 (hit by 1 inputs) 
while bitflipping, 2813 of 2976 tries hit branch 2303
while calibrating, 996 of 1117 tries hit branch 2303
calib stage: 0 new coverage in 4093 total execs
calib stage: 0 new branches in 4093 total execs
In deterministic stage, 11932 of 11934 tries hit branch 2303
det stage: 0 new coverage in 16027 total execs
det stage: 0 new branches in 16027 total execs
In havoc stage, 482 of 1024 tries hit branch 2303
havoc stage: 0 new coverage in 17051 total execs
havoc stage: 0 new branches in 17051 total execs
Trying to fuzz input /home/autofz/arm64_tcpdump/tcpdump/fairfuzz/afl-master_1/queue/id:003438,sync:autofz,src:002726,+cov: 
which hit branch 4668 (hit by 1 inputs) 
while bitflipping, 3554 of 3808 tries hit branch 4668
while calibrating, 1177 of 1429 tries hit branch 4668
calib stage: 1 new coverage in 5245 total execs
calib stage: 0 new branches in 5245 total execs
In deterministic stage, 16889 of 17011 tries hit branch 4668
det stage: 2 new coverage in 22264 total execs
det stage: 0 new branches in 22264 total execs
In havoc stage, 511 of 1024 tries hit branch 4668
havoc stage: 2 new coverage in 23288 total execs
havoc stage: 0 new branches in 23288 total execs
Trying to fuzz input /home/autofz/arm64_tcpdump/tcpdump/fairfuzz/afl-master_1/queue/id:003444,sync:autofz,src:007509,+cov: 
which hit branch 3902 (hit by 1 inputs) 
while bitflipping, 3444 of 3680 tries hit branch 3902
while calibrating, 698 of 1381 tries hit branch 3902
calib stage: 0 new coverage in 5061 total execs
calib stage: 0 new branches in 5061 total execs
In deterministic stage, 51462 of 51650 tries hit branch 3902
det stage: 0 new coverage in 56711 total execs
det stage: 0 new branches in 56711 total execs
In havoc stage, 412 of 1024 tries hit branch 3902
havoc stage: 0 new coverage in 57735 total execs
havoc stage: 0 new branches in 57735 total execs
Trying to fuzz input /home/autofz/arm64_tcpdump/tcpdump/fairfuzz/afl-master_1/queue/id:003453,sync:autofz,src:014280,+cov: 
which hit branch 5143 (hit by 1 inputs) 
while bitflipping, 1442 of 1696 tries hit branch 5143
while calibrating, 271 of 637 tries hit branch 5143
calib stage: 4 new coverage in 2365 total execs
calib stage: 2 new branches in 2365 total execs
In deterministic stage, 25258 of 25264 tries hit branch 5143
det stage: 4 new coverage in 27629 total execs
det stage: 2 new branches in 27629 total execs
In havoc stage, 448 of 1024 tries hit branch 5143
havoc stage: 4 new coverage in 28653 total execs
havoc stage: 2 new branches in 28653 total execs
Trying to fuzz input /home/autofz/arm64_tcpdump/tcpdump/fairfuzz/afl-master_1/queue/id:003522,sync:autofz,src:014343,+cov: 
which hit branch 1588 (hit by 1 inputs) 
while bitflipping, 2807 of 2976 tries hit branch 1588
while calibrating, 960 of 1117 tries hit branch 1588
calib stage: 3 new coverage in 4117 total execs
calib stage: 3 new branches in 4117 total execs
In deterministic stage, 12314 of 12345 tries hit branch 1588
det stage: 3 new coverage in 16462 total execs
det stage: 3 new branches in 16462 total execs
In havoc stage, 491 of 1024 tries hit branch 1588
havoc stage: 3 new coverage in 17486 total execs
havoc stage: 3 new branches in 17486 total execs
Trying to fuzz input /home/autofz/arm64_tcpdump/tcpdump/fairfuzz/afl-master_1/queue/id:003547,sync:autofz,src:004432,+cov: 
which hit branch 2826 (hit by 1 inputs) 
while bitflipping, 4475 of 4832 tries hit branch 2826
while calibrating, 1020 of 1813 tries hit branch 2826
calib stage: 0 new coverage in 6645 total execs
calib stage: 0 new branches in 6645 total execs
In deterministic stage, 79553 of 79627 tries hit branch 2826
det stage: 0 new coverage in 86272 total execs
det stage: 0 new branches in 86272 total execs
In havoc stage, 691 of 1024 tries hit branch 2826
havoc stage: 0 new coverage in 87296 total execs
havoc stage: 0 new branches in 87296 total execs
Trying to fuzz input /home/autofz/arm64_tcpdump/tcpdump/fairfuzz/afl-master_1/queue/id:003564,sync:autofz,src:002715,+cov: 
which hit branch 4758 (hit by 1 inputs) 
while bitflipping, 3579 of 3808 tries hit branch 4758
while calibrating, 1196 of 1429 tries hit branch 4758
calib stage: 0 new coverage in 5237 total execs
calib stage: 0 new branches in 5237 total execs
In deterministic stage, 16558 of 16679 tries hit branch 4758
det stage: 0 new coverage in 21916 total execs
det stage: 0 new branches in 21916 total execs
In havoc stage, 1041 of 2048 tries hit branch 4758
havoc stage: 1 new coverage in 23972 total execs
havoc stage: 1 new branches in 23972 total execs
Trying to fuzz input /home/autofz/arm64_tcpdump/tcpdump/fairfuzz/afl-master_1/queue/id:003580,sync:autofz,src:011991,+cov: 
which hit branch 2441 (hit by 1 inputs) 
while bitflipping, 3212 of 3424 tries hit branch 2441
while calibrating, 1042 of 1285 tries hit branch 2441
calib stage: 3 new coverage in 4733 total execs
calib stage: 1 new branches in 4733 total execs
In deterministic stage, 33248 of 33458 tries hit branch 2441
det stage: 7 new coverage in 38223 total execs
det stage: 3 new branches in 38223 total execs
In havoc stage, 15110 of 24576 tries hit branch 2441
havoc stage: 13 new coverage in 62847 total execs
havoc stage: 4 new branches in 62847 total execs
Trying to fuzz input /home/autofz/arm64_tcpdump/tcpdump/fairfuzz/afl-master_1/queue/id:003637,sync:autofz,src:010427,+cov: 
which hit branch 2016 (hit by 1 inputs) 
while bitflipping, 988 of 1184 tries hit branch 2016
while calibrating, 236 of 445 tries hit branch 2016
calib stage: 0 new coverage in 1629 total execs
calib stage: 0 new branches in 1629 total execs
In deterministic stage, 11019 of 11128 tries hit branch 2016
det stage: 0 new coverage in 12757 total execs
det stage: 0 new branches in 12757 total execs
In havoc stage, 568 of 1024 tries hit branch 2016
havoc stage: 0 new coverage in 13781 total execs
havoc stage: 0 new branches in 13781 total execs
Trying to fuzz input /home/autofz/arm64_tcpdump/tcpdump/fairfuzz/afl-master_1/queue/id:003652,sync:autofz,src:010886,+cov: 
which hit branch 2103 (hit by 1 inputs) 
while bitflipping, 2554 of 2816 tries hit branch 2103
while calibrating, 412 of 1057 tries hit branch 2103
calib stage: 0 new coverage in 3873 total execs
calib stage: 0 new branches in 3873 total execs
In deterministic stage, 20415 of 20415 tries hit branch 2103
det stage: 0 new coverage in 24288 total execs
det stage: 0 new branches in 24288 total execs
In havoc stage, 358 of 1024 tries hit branch 2103
havoc stage: 0 new coverage in 25312 total execs
havoc stage: 0 new branches in 25312 total execs
Trying to fuzz input /home/autofz/arm64_tcpdump/tcpdump/fairfuzz/afl-master_1/queue/id:003671,sync:autofz,src:014353,+cov: 
which hit branch 1601 (hit by 1 inputs) 
while bitflipping, 2807 of 2976 tries hit branch 1601
while calibrating, 960 of 1117 tries hit branch 1601
calib stage: 3 new coverage in 4117 total execs
calib stage: 3 new branches in 4117 total execs
In deterministic stage, 12012 of 12043 tries hit branch 1601
det stage: 3 new coverage in 16160 total execs
det stage: 3 new branches in 16160 total execs
In havoc stage, 442 of 1024 tries hit branch 1601
havoc stage: 3 new coverage in 17184 total execs
havoc stage: 3 new branches in 17184 total execs
Trying to fuzz input /home/autofz/arm64_tcpdump/tcpdump/fairfuzz/afl-master_1/queue/id:003755,sync:autofz,src:007434,+cov: 
which hit branch 1426 (hit by 1 inputs) 
while bitflipping, 2852 of 3008 tries hit branch 1426
while calibrating, 1010 of 1129 tries hit branch 1426
calib stage: 0 new coverage in 4137 total execs
calib stage: 0 new branches in 4137 total execs
In deterministic stage, 25237 of 25237 tries hit branch 1426
det stage: 0 new coverage in 29374 total execs
det stage: 0 new branches in 29374 total execs
In havoc stage, 263 of 512 tries hit branch 1426
havoc stage: 0 new coverage in 29886 total execs
havoc stage: 0 new branches in 29886 total execs
Trying to fuzz input /home/autofz/arm64_tcpdump/tcpdump/fairfuzz/afl-master_1/queue/id:003777,sync:autofz,src:012222,+cov: 
which hit branch 2918 (hit by 1 inputs) 
while bitflipping, 4368 of 4864 tries hit branch 2918
while calibrating, 767 of 1825 tries hit branch 2918
calib stage: 0 new coverage in 6689 total execs
calib stage: 0 new branches in 6689 total execs
In deterministic stage, 64968 of 65041 tries hit branch 2918
det stage: 0 new coverage in 71730 total execs
det stage: 0 new branches in 71730 total execs
In havoc stage, 400 of 768 tries hit branch 2918
havoc stage: 0 new coverage in 72498 total execs
havoc stage: 0 new branches in 72498 total execs
Trying to fuzz input /home/autofz/arm64_tcpdump/tcpdump/fairfuzz/afl-master_1/queue/id:003807,sync:autofz,src:002168,+cov: 
which hit branch 2310 (hit by 1 inputs) 
while bitflipping, 2823 of 2976 tries hit branch 2310
while calibrating, 992 of 1117 tries hit branch 2310
calib stage: 1 new coverage in 4101 total execs
calib stage: 0 new branches in 4101 total execs
In deterministic stage, 9571 of 9574 tries hit branch 2310
det stage: 1 new coverage in 13675 total execs
det stage: 0 new branches in 13675 total execs
In havoc stage, 478 of 1024 tries hit branch 2310
havoc stage: 1 new coverage in 14699 total execs
havoc stage: 0 new branches in 14699 total execs
Trying to fuzz input /home/autofz/arm64_tcpdump/tcpdump/fairfuzz/afl-master_1/queue/id:003818,sync:autofz,src:004434,+cov: 
which hit branch 2828 (hit by 1 inputs) 
while bitflipping, 4475 of 4832 tries hit branch 2828
while calibrating, 1020 of 1813 tries hit branch 2828
calib stage: 0 new coverage in 6645 total execs
calib stage: 0 new branches in 6645 total execs
In deterministic stage, 79552 of 79627 tries hit branch 2828
det stage: 0 new coverage in 86272 total execs
det stage: 0 new branches in 86272 total execs
In havoc stage, 690 of 1024 tries hit branch 2828
havoc stage: 0 new coverage in 87296 total execs
havoc stage: 0 new branches in 87296 total execs
Trying to f